'
' *** Main program ***
'
@drawcircles
~INP(2)
CLS
@putcircles
~INP(2)
'
' *** Procedues
'
> PROCEDURE drawcircles
  time%=TIMER
  DEFTEXT 0,0,0,26
  GRAPHMODE 2
  FOR i|=0 TO 39
    PCIRCLE (((i| MOD 8)*80)+40),(((i| DIV 8)*80)+40),40
    TEXT (((i| MOD 8)*80)+10),(((i| DIV 8)*80)+52),"ST"
  NEXT i|
  secs=(TIMER-time%)/200
  PRINT AT(26,12);"Time: ";secs;" seconds."
RETURN
> PROCEDURE putcircles
  time%=TIMER
  PCIRCLE 40,40,40
  DEFTEXT 0,0,0,26
  GRAPHMODE 2
  TEXT 10,52,"ST"
  GET 0,0,80,80,circle$
  FOR i|=0 TO 39
    PUT (i| MOD 8)*80,(i| DIV 8)*80,circle$
  NEXT i|
  secs=(TIMER-time%)/200
  PRINT AT(26,12);"Time: ";secs;" seconds."
RETURN
