'
' *** Preperation procedures ***
'
@drawbackground
VOID INP(2)
'
' *** Main execution ***
'
FOR i=0 TO 360
  @drawsin
NEXT i
VOID INP(2)
FOR i=0 TO 360
  @drawcos
NEXT i
VOID INP(2)
'
' *** Procedures ***
'
PROCEDURE drawbackground
  LINE 0,200,500,200
  LINE 50,30,50,370
  DEFTEXT 1,0,0,4
  TEXT 52,206,"0"
  TEXT 222,206,"180"
  TEXT 402,206,"360"
  TEXT 470,206,"ANGLE"
RETURN
PROCEDURE drawsin
  DEFTEXT 1,0,900,4
  TEXT 48,199,"SIN"
  angle=i*PI/180
  x=i+50
  y=(200)-160*SIN(angle)
  PLOT x,y
RETURN
PROCEDURE drawcos
  DEFTEXT 1,0,900,4
  TEXT 48,50,"COS"
  angle=i*PI/180
  x=i+50
  y=(200)-160*COS(angle)
  PLOT x,y
RETURN
